Build started 2015/12/28 17:05:57.
     1>Project "D:\Project3\Project3\Project3.vcxproj" on node 2 (build target(s)).
     1>InitializeBuildStatus:
         Creating "Debug\Project3.unsuccessfulbuild" because "AlwaysCreate" was specified.
       ClCompile:
         C:\Program Files (x86)\Microsoft Visual Studio 10.0\VC\bin\CL.exe /c /ZI /nologo /W3 /WX- /Od /Oy- /D _MBCS /Gm /EHsc /RTC1 /MDd /GS /fp:precise /Zc:wchar_t /Zc:forScope /Fo"Debug\\" /Fd"Debug\vc100.pdb" /Gd /TP /analyze- /errorReport:prompt ImageSimulation.cpp ImgSim.cpp PSFStatistic.cpp
         PSFStatistic.cpp
         ImgSim.cpp
     1>d:\project3\project3\imgsim.cpp(117): warning C4244: '=' : conversion from 'double' to 'long', possible loss of data
     1>d:\project3\project3\imgsim.cpp(134): warning C4244: '=' : conversion from 'double' to 'long', possible loss of data
     1>d:\project3\project3\imgsim.cpp(140): warning C4244: '=' : conversion from 'double' to 'long', possible loss of data
     1>d:\project3\project3\imgsim.cpp(141): warning C4244: '=' : conversion from 'double' to 'long', possible loss of data
     1>d:\project3\project3\imgsim.cpp(250): warning C4996: 'sprintf': This function or variable may be unsafe. Consider using sprintf_s instead. To disable deprecation, use _CRT_SECURE_NO_WARNINGS. See online help for details.
                 c:\program files (x86)\microsoft visual studio 10.0\vc\include\stdio.h(371) : see declaration of 'sprintf'
     1>d:\project3\project3\imgsim.cpp(59): warning C4101: 'Y' : unreferenced local variable
     1>d:\project3\project3\imgsim.cpp(59): warning C4101: 'X' : unreferenced local variable
         ImageSimulation.cpp
     1>d:\project3\project3\imagesimulation.cpp(85): warning C4244: 'initializing' : conversion from 'double' to 'int', possible loss of data
     1>d:\project3\project3\imagesimulation.cpp(85): warning C4244: '-=' : conversion from 'double' to 'int', possible loss of data
     1>d:\project3\project3\imagesimulation.cpp(89): warning C4996: 'sprintf': This function or variable may be unsafe. Consider using sprintf_s instead. To disable deprecation, use _CRT_SECURE_NO_WARNINGS. See online help for details.
                 c:\program files (x86)\microsoft visual studio 10.0\vc\include\stdio.h(371) : see declaration of 'sprintf'
     1>d:\project3\project3\imagesimulation.cpp(94): warning C4996: 'sprintf': This function or variable may be unsafe. Consider using sprintf_s instead. To disable deprecation, use _CRT_SECURE_NO_WARNINGS. See online help for details.
                 c:\program files (x86)\microsoft visual studio 10.0\vc\include\stdio.h(371) : see declaration of 'sprintf'
         Generating Code...
       Link:
         C:\Program Files (x86)\Microsoft Visual Studio 10.0\VC\bin\link.exe /ERRORREPORT:PROMPT /OUT:"D:\Project3\Debug\Project3.exe" /NOLOGO kernel32.lib user32.lib gdi32.lib winspool.lib comdlg32.lib advapi32.lib shell32.lib ole32.lib oleaut32.lib uuid.lib odbc32.lib odbccp32.lib /MANIFEST /ManifestFile:"Debug\Project3.exe.intermediate.manifest" /MANIFESTUAC:"level='asInvoker' uiAccess='false'" /DEBUG /PDB:"D:\Project3\Debug\Project3.pdb" /TLBID:1 /DYNAMICBASE /NXCOMPAT /IMPLIB:"D:\Project3\Debug\Project3.lib" /MACHINE:X86 Debug\EmitAngle.obj
         Debug\FLTsearch.obj
         Debug\ImageSimulation.obj
         Debug\ImgSim.obj
         Debug\MonteCarlo.obj
         Debug\nrerror.obj
         Debug\Nspfun.obj
         Debug\PSFStatistic.obj
         Debug\qtrap.obj
         Debug\qtrap2.obj
         Debug\RandomGen.obj
         Debug\stdafx.obj
         LINK : D:\Project3\Debug\Project3.exe not found or not built by the last incremental link; performing full link
         Project3.vcxproj -> D:\Project3\Debug\Project3.exe
       Manifest:
         C:\Program Files (x86)\Microsoft SDKs\Windows\v7.0A\bin\mt.exe /nologo /verbose /outputresource:"D:\Project3\Debug\Project3.exe;#1" /manifest Debug\Project3.exe.intermediate.manifest
       FinalizeBuildStatus:
         Deleting file "Debug\Project3.unsuccessfulbuild".
         Touching "Debug\Project3.lastbuildstate".
     1>Done Building Project "D:\Project3\Project3\Project3.vcxproj" (build target(s)).

Build succeeded.

Time Elapsed 00:00:00.90
