D:\PROJECT3\DEBUG\PROJECT3.EXE
D:\PROJECT3\DEBUG\PROJECT3.ILK
D:\PROJECT3\DEBUG\PROJECT3.PDB
D:\Project3\Project3\Debug\cl.command.1.tlog
D:\Project3\Project3\Debug\CL.read.1.tlog
D:\Project3\Project3\Debug\CL.write.1.tlog
D:\PROJECT3\PROJECT3\DEBUG\EMITANGLE.OBJ
D:\PROJECT3\PROJECT3\DEBUG\FLTSEARCH.OBJ
D:\PROJECT3\PROJECT3\DEBUG\IMAGESIMULATION.OBJ
D:\PROJECT3\PROJECT3\DEBUG\IMGSIM.OBJ
D:\Project3\Project3\Debug\link.command.1.tlog
D:\Project3\Project3\Debug\link.read.1.tlog
D:\Project3\Project3\Debug\link.write.1.tlog
D:\PROJECT3\PROJECT3\DEBUG\MONTECARLO.OBJ
D:\Project3\Project3\Debug\mt.command.1.tlog
D:\Project3\Project3\Debug\mt.read.1.tlog
D:\Project3\Project3\Debug\mt.write.1.tlog
D:\PROJECT3\PROJECT3\DEBUG\NRERROR.OBJ
D:\PROJECT3\PROJECT3\DEBUG\NSPFUN.OBJ
D:\PROJECT3\PROJECT3\DEBUG\PROJECT3.EXE.INTERMEDIATE.MANIFEST
D:\Project3\Project3\Debug\Project3.vcxprojResolveAssemblyReference.cache
D:\Project3\Project3\Debug\Project3.write.1.tlog
D:\PROJECT3\PROJECT3\DEBUG\PSFSTATISTIC.OBJ
D:\PROJECT3\PROJECT3\DEBUG\QTRAP.OBJ
D:\PROJECT3\PROJECT3\DEBUG\QTRAP2.OBJ
D:\PROJECT3\PROJECT3\DEBUG\RANDOMGEN.OBJ
D:\PROJECT3\PROJECT3\DEBUG\STDAFX.OBJ
D:\Project3\Project3\Debug\vc100.idb
D:\PROJECT3\PROJECT3\DEBUG\VC100.PDB
