F:\WHD_Pro\2_Project3\Project3\x64\Release\cl.command.1.tlog
F:\WHD_Pro\2_Project3\Project3\x64\Release\CL.read.1.tlog
F:\WHD_Pro\2_Project3\Project3\x64\Release\CL.write.1.tlog
F:\WHD_PRO\2_PROJECT3\PROJECT3\X64\RELEASE\EMITANGLE.OBJ
F:\WHD_PRO\2_PROJECT3\PROJECT3\X64\RELEASE\FLTSEARCH.OBJ
F:\WHD_PRO\2_PROJECT3\PROJECT3\X64\RELEASE\IMAGESIMULATION.OBJ
F:\WHD_PRO\2_PROJECT3\PROJECT3\X64\RELEASE\IMGSIM.OBJ
F:\WHD_Pro\2_Project3\Project3\x64\Release\link.command.1.tlog
F:\WHD_Pro\2_Project3\Project3\x64\Release\link.read.1.tlog
F:\WHD_Pro\2_Project3\Project3\x64\Release\link.write.1.tlog
F:\WHD_PRO\2_PROJECT3\PROJECT3\X64\RELEASE\MONTECARLO.OBJ
F:\WHD_Pro\2_Project3\Project3\x64\Release\mt.command.1.tlog
F:\WHD_Pro\2_Project3\Project3\x64\Release\mt.read.1.tlog
F:\WHD_Pro\2_Project3\Project3\x64\Release\mt.write.1.tlog
F:\WHD_PRO\2_PROJECT3\PROJECT3\X64\RELEASE\NRERROR.OBJ
F:\WHD_PRO\2_PROJECT3\PROJECT3\X64\RELEASE\NSPFUN.OBJ
F:\WHD_PRO\2_PROJECT3\PROJECT3\X64\RELEASE\PROJECT3.EXE.INTERMEDIATE.MANIFEST
F:\WHD_PRO\2_PROJECT3\PROJECT3\X64\RELEASE\PSFSTATISTIC.OBJ
F:\WHD_PRO\2_PROJECT3\PROJECT3\X64\RELEASE\QTRAP.OBJ
F:\WHD_PRO\2_PROJECT3\PROJECT3\X64\RELEASE\QTRAP2.OBJ
F:\WHD_PRO\2_PROJECT3\PROJECT3\X64\RELEASE\RANDOMGEN.OBJ
F:\WHD_PRO\2_PROJECT3\PROJECT3\X64\RELEASE\STDAFX.OBJ
F:\WHD_PRO\2_PROJECT3\PROJECT3\X64\RELEASE\VC100.PDB
F:\WHD_PRO\2_PROJECT3\X64\RELEASE\PROJECT3.EXE
F:\WHD_PRO\2_PROJECT3\X64\RELEASE\PROJECT3.PDB
